Start testing: Apr 14 16:54 +07
----------------------------------------------------------
1/1 Testing: test_simple_lp_program
1/1 Test: test_simple_lp_program
Command: "/Users/theerut/Desktop/CU/Year4/HighPerf/final/or-tools-mac/examples/simple_lp_program/build/bin/simple_lp_program"
Directory: /Users/theerut/Desktop/CU/Year4/HighPerf/final/or-tools-mac/examples/simple_lp_program/build
"test_simple_lp_program" start time: Apr 14 16:54 +07
Output:
----------------------------------------------------------
WARNING: All log messages before absl::InitializeLog() is called are written to STDERR
I0000 00:00:1713088445.881387   78525 simple_lp_program.cc:36] Number of variables = 2
I0000 00:00:1713088445.881433   78525 simple_lp_program.cc:50] Number of constraints = 2
I0000 00:00:1713088445.881729   78525 simple_lp_program.cc:70] Solution:

I0000 00:00:1713088445.881739   78525 simple_lp_program.cc:71] Objective value = 25
I0000 00:00:1713088445.881745   78525 simple_lp_program.cc:72] x = 0
I0000 00:00:1713088445.881748   78525 simple_lp_program.cc:73] y = 2.5
I0000 00:00:1713088445.881751   78525 simple_lp_program.cc:77] 
Advanced usage:
I0000 00:00:1713088445.881753   78525 simple_lp_program.cc:78] Problem solved in 0 milliseconds
I0000 00:00:1713088445.881757   78525 simple_lp_program.cc:79] Problem solved in 0 iterations
<end of output>
Test time =   0.31 sec
----------------------------------------------------------
Test Passed.
"test_simple_lp_program" end time: Apr 14 16:54 +07
"test_simple_lp_program" time elapsed: 00:00:00
----------------------------------------------------------

End testing: Apr 14 16:54 +07
