Start testing: Apr 14 16:53 +07
----------------------------------------------------------
1/1 Testing: test_linear_programming
1/1 Test: test_linear_programming
Command: "/Users/theerut/Desktop/CU/Year4/HighPerf/final/or-tools-mac/examples/linear_programming/build/bin/linear_programming"
Directory: /Users/theerut/Desktop/CU/Year4/HighPerf/final/or-tools-mac/examples/linear_programming/build
"test_linear_programming" start time: Apr 14 16:53 +07
Output:
----------------------------------------------------------
I0414 16:53:57.666410   77148 linear_programming.cc:31] ---- Linear programming example with GLOP ----
I0414 16:53:57.667766   77148 linear_programming.cc:78] Number of variables = 3
I0414 16:53:57.667777   77148 linear_programming.cc:79] Number of constraints = 3
I0414 16:53:57.668435   77148 linear_programming.cc:88] Problem solved in 0 milliseconds
I0414 16:53:57.668445   77148 linear_programming.cc:91] Optimal objective value = 733.333
I0414 16:53:57.668451   77148 linear_programming.cc:94] x1 = 33.3333
I0414 16:53:57.668454   77148 linear_programming.cc:95] x2 = 66.6667
I0414 16:53:57.668456   77148 linear_programming.cc:96] x3 = 0
I0414 16:53:57.668458   77148 linear_programming.cc:98] Advanced usage:
I0414 16:53:57.668461   77148 linear_programming.cc:99] Problem solved in 2 iterations
I0414 16:53:57.668464   77148 linear_programming.cc:100] x1: reduced cost = 0
I0414 16:53:57.668466   77148 linear_programming.cc:101] x2: reduced cost = 0
I0414 16:53:57.668468   77148 linear_programming.cc:102] x3: reduced cost = -2.66667
I0414 16:53:57.668471   77148 linear_programming.cc:104] c0: dual value = 3.33333 activity = 100
I0414 16:53:57.668474   77148 linear_programming.cc:106] c1: dual value = 0.666667 activity = 600
I0414 16:53:57.668476   77148 linear_programming.cc:108] c2: dual value = -0 activity = 200
I0414 16:53:57.668526   77148 linear_programming.cc:31] ---- Linear programming example with CLP ----
I0414 16:53:57.668921   77148 linear_programming.cc:78] Number of variables = 3
I0414 16:53:57.668926   77148 linear_programming.cc:79] Number of constraints = 3
I0414 16:53:57.670040   77148 linear_programming.cc:88] Problem solved in 1 milliseconds
I0414 16:53:57.670047   77148 linear_programming.cc:91] Optimal objective value = 733.333
I0414 16:53:57.670049   77148 linear_programming.cc:94] x1 = 33.3333
I0414 16:53:57.670051   77148 linear_programming.cc:95] x2 = 66.6667
I0414 16:53:57.670053   77148 linear_programming.cc:96] x3 = 0
I0414 16:53:57.670054   77148 linear_programming.cc:98] Advanced usage:
I0414 16:53:57.670056   77148 linear_programming.cc:99] Problem solved in 2 iterations
I0414 16:53:57.670058   77148 linear_programming.cc:100] x1: reduced cost = -6.66134e-16
I0414 16:53:57.670060   77148 linear_programming.cc:101] x2: reduced cost = 0
I0414 16:53:57.670062   77148 linear_programming.cc:102] x3: reduced cost = -2.66667
I0414 16:53:57.670064   77148 linear_programming.cc:104] c0: dual value = 3.33333 activity = 100
I0414 16:53:57.670067   77148 linear_programming.cc:106] c1: dual value = 0.666667 activity = 600
I0414 16:53:57.670069   77148 linear_programming.cc:108] c2: dual value = -0 activity = 200
I0414 16:53:57.670127   77148 linear_programming.cc:31] ---- Linear programming example with GUROBI_LP ----
W0414 16:53:57.672392   77148 environment.cc:35] NOT_FOUND: Could not find the Gurobi shared library. Looked in: [/Library/gurobi1100/mac64/lib/libgurobi110.dylib', '/Library/gurobi1100/macos_universal2/lib/libgurobi110.dylib', '/Library/gurobi1003/mac64/lib/libgurobi100.dylib', '/Library/gurobi1003/macos_universal2/lib/libgurobi100.dylib', '/Library/gurobi1002/mac64/lib/libgurobi100.dylib', '/Library/gurobi1002/macos_universal2/lib/libgurobi100.dylib', '/Library/gurobi1001/mac64/lib/libgurobi100.dylib', '/Library/gurobi1001/macos_universal2/lib/libgurobi100.dylib', '/Library/gurobi1000/mac64/lib/libgurobi100.dylib', '/Library/gurobi1000/macos_universal2/lib/libgurobi100.dylib', '/Library/gurobi952/mac64/lib/libgurobi95.dylib', '/Library/gurobi952/macos_universal2/lib/libgurobi95.dylib', '/Library/gurobi951/mac64/lib/libgurobi95.dylib', '/Library/gurobi951/macos_universal2/lib/libgurobi95.dylib', '/Library/gurobi950/mac64/lib/libgurobi95.dylib', '/Library/gurobi950/macos_universal2/lib/libgurobi95.dylib', '/Library/gurobi911/mac64/lib/libgurobi91.dylib', '/Library/gurobi911/macos_universal2/lib/libgurobi91.dylib', '/Library/gurobi910/mac64/lib/libgurobi91.dylib', '/Library/gurobi910/macos_universal2/lib/libgurobi91.dylib', '/Library/gurobi903/mac64/lib/libgurobi90.dylib', '/Library/gurobi903/macos_universal2/lib/libgurobi90.dylib', '/Library/gurobi902/mac64/lib/libgurobi90.dylib', '/Library/gurobi902/macos_universal2/lib/libgurobi90.dylib', '/Library/gurobi811/mac64/lib/libgurobi81.dylib', '/Library/gurobi811/macos_universal2/lib/libgurobi81.dylib', '/Library/gurobi801/mac64/lib/libgurobi80.dylib', '/Library/gurobi801/macos_universal2/lib/libgurobi80.dylib', '/Library/gurobi752/mac64/lib/libgurobi75.dylib', '/Library/gurobi752/macos_universal2/lib/libgurobi75.dylib', '/opt/gurobi/linux64/lib/libgurobi.so.11.0.0', '/opt/gurobi/linux64/lib/libgurobi.so.10.0.3', '/opt/gurobi/linux64/lib/libgurobi.so.10.0.2', '/opt/gurobi/linux64/lib/libgurobi.so.10.0.1', '/opt/gurobi/linux64/lib/libgurobi.so.10.0.0', '/opt/gurobi/linux64/lib/libgurobi.so.9.5.2', '/opt/gurobi/linux64/lib/libgurobi.so.9.5.1', '/opt/gurobi/linux64/lib/libgurobi.so.9.5.0]. If you know where it is, pass the full path to 'LoadGurobiDynamicLibrary()'.
I0414 16:53:57.672400   77148 linear_programming.cc:39] Supports for solver GUROBI_LP not linked in.
I0414 16:53:57.672402   77148 linear_programming.cc:31] ---- Linear programming example with CPLEX_LP ----
I0414 16:53:57.672405   77148 linear_programming.cc:39] Supports for solver CPLEX_LP not linked in.
I0414 16:53:57.672406   77148 linear_programming.cc:31] ---- Linear programming example with GLPK_LP ----
I0414 16:53:57.672408   77148 linear_programming.cc:39] Supports for solver GLPK_LP not linked in.
I0414 16:53:57.672410   77148 linear_programming.cc:31] ---- Linear programming example with XPRESS_LP ----
W0414 16:53:57.672433   77148 environment.cc:201] Environment variable XPRESSDIR undefined.
W0414 16:53:57.672474   77148 environment.cc:267] NOT_FOUND: Could not find the Xpress shared library. Looked in: [/Library/xpressmp/lib/libxprs.dylib]. Please check environment variable XPRESSDIR

I0414 16:53:57.672479   77148 linear_programming.cc:39] Supports for solver XPRESS_LP not linked in.
I0414 16:53:57.672481   77148 linear_programming.cc:31] ---- Linear programming example with PDLP ----
I0414 16:53:57.672509   77148 linear_programming.cc:78] Number of variables = 3
I0414 16:53:57.672514   77148 linear_programming.cc:79] Number of constraints = 3
I0414 16:53:57.674305   77148 linear_programming.cc:88] Problem solved in 1 milliseconds
I0414 16:53:57.674313   77148 linear_programming.cc:91] Optimal objective value = 733.334
I0414 16:53:57.674316   77148 linear_programming.cc:94] x1 = 33.3325
I0414 16:53:57.674318   77148 linear_programming.cc:95] x2 = 66.6682
I0414 16:53:57.674319   77148 linear_programming.cc:96] x3 = 0
I0414 16:53:57.674321   77148 linear_programming.cc:98] Advanced usage:
I0414 16:53:57.674322   77148 linear_programming.cc:99] Problem solved in 256 iterations
I0414 16:53:57.674324   77148 linear_programming.cc:100] x1: reduced cost = 1.32704e-06
I0414 16:53:57.674327   77148 linear_programming.cc:101] x2: reduced cost = -6.2921e-07
I0414 16:53:57.674329   77148 linear_programming.cc:102] x3: reduced cost = -2.66667
I0414 16:53:57.674331   77148 linear_programming.cc:104] c0: dual value = 3.33334 activity = 100.001
I0414 16:53:57.674333   77148 linear_programming.cc:106] c1: dual value = 0.666666 activity = 599.997
I0414 16:53:57.674336   77148 linear_programming.cc:108] c2: dual value = -0 activity = 200.001
<end of output>
Test time =   0.40 sec
----------------------------------------------------------
Test Passed.
"test_linear_programming" end time: Apr 14 16:53 +07
"test_linear_programming" time elapsed: 00:00:00
----------------------------------------------------------

End testing: Apr 14 16:53 +07
