Start testing: Apr 14 16:54 +07
----------------------------------------------------------
1/1 Testing: test_nurses_sat
1/1 Test: test_nurses_sat
Command: "/Users/theerut/Desktop/CU/Year4/HighPerf/final/or-tools-mac/examples/nurses_sat/build/bin/nurses_sat"
Directory: /Users/theerut/Desktop/CU/Year4/HighPerf/final/or-tools-mac/examples/nurses_sat/build
"test_nurses_sat" start time: Apr 14 16:54 +07
Output:
----------------------------------------------------------
WARNING: All log messages before absl::InitializeLog() is called are written to STDERR
I0000 00:00:1713088463.330275   80629 nurses_sat.cc:148] Solution 0
I0000 00:00:1713088463.330290   80629 nurses_sat.cc:150] Day 0
I0000 00:00:1713088463.330294   80629 nurses_sat.cc:162]   Nurse 0 does not work
I0000 00:00:1713088463.330295   80629 nurses_sat.cc:157]   Nurse 1 works shift 0
I0000 00:00:1713088463.330297   80629 nurses_sat.cc:157]   Nurse 2 works shift 1
I0000 00:00:1713088463.330298   80629 nurses_sat.cc:157]   Nurse 3 works shift 2
I0000 00:00:1713088463.330300   80629 nurses_sat.cc:150] Day 1
I0000 00:00:1713088463.330301   80629 nurses_sat.cc:157]   Nurse 0 works shift 2
I0000 00:00:1713088463.330303   80629 nurses_sat.cc:162]   Nurse 1 does not work
I0000 00:00:1713088463.330304   80629 nurses_sat.cc:157]   Nurse 2 works shift 1
I0000 00:00:1713088463.330305   80629 nurses_sat.cc:157]   Nurse 3 works shift 0
I0000 00:00:1713088463.330307   80629 nurses_sat.cc:150] Day 2
I0000 00:00:1713088463.330308   80629 nurses_sat.cc:157]   Nurse 0 works shift 2
I0000 00:00:1713088463.330310   80629 nurses_sat.cc:157]   Nurse 1 works shift 1
I0000 00:00:1713088463.330311   80629 nurses_sat.cc:157]   Nurse 2 works shift 0
I0000 00:00:1713088463.330313   80629 nurses_sat.cc:162]   Nurse 3 does not work
I0000 00:00:1713088463.330330   80629 nurses_sat.cc:148] Solution 1
I0000 00:00:1713088463.330331   80629 nurses_sat.cc:150] Day 0
I0000 00:00:1713088463.330333   80629 nurses_sat.cc:157]   Nurse 0 works shift 0
I0000 00:00:1713088463.330334   80629 nurses_sat.cc:162]   Nurse 1 does not work
I0000 00:00:1713088463.330335   80629 nurses_sat.cc:157]   Nurse 2 works shift 1
I0000 00:00:1713088463.330337   80629 nurses_sat.cc:157]   Nurse 3 works shift 2
I0000 00:00:1713088463.330338   80629 nurses_sat.cc:150] Day 1
I0000 00:00:1713088463.330339   80629 nurses_sat.cc:162]   Nurse 0 does not work
I0000 00:00:1713088463.330340   80629 nurses_sat.cc:157]   Nurse 1 works shift 2
I0000 00:00:1713088463.330342   80629 nurses_sat.cc:157]   Nurse 2 works shift 1
I0000 00:00:1713088463.330343   80629 nurses_sat.cc:157]   Nurse 3 works shift 0
I0000 00:00:1713088463.330344   80629 nurses_sat.cc:150] Day 2
I0000 00:00:1713088463.330345   80629 nurses_sat.cc:157]   Nurse 0 works shift 2
I0000 00:00:1713088463.330347   80629 nurses_sat.cc:157]   Nurse 1 works shift 1
I0000 00:00:1713088463.330348   80629 nurses_sat.cc:157]   Nurse 2 works shift 0
I0000 00:00:1713088463.330350   80629 nurses_sat.cc:162]   Nurse 3 does not work
I0000 00:00:1713088463.330363   80629 nurses_sat.cc:148] Solution 2
I0000 00:00:1713088463.330364   80629 nurses_sat.cc:150] Day 0
I0000 00:00:1713088463.330365   80629 nurses_sat.cc:157]   Nurse 0 works shift 0
I0000 00:00:1713088463.330367   80629 nurses_sat.cc:162]   Nurse 1 does not work
I0000 00:00:1713088463.330368   80629 nurses_sat.cc:157]   Nurse 2 works shift 1
I0000 00:00:1713088463.330369   80629 nurses_sat.cc:157]   Nurse 3 works shift 2
I0000 00:00:1713088463.330370   80629 nurses_sat.cc:150] Day 1
I0000 00:00:1713088463.330371   80629 nurses_sat.cc:157]   Nurse 0 works shift 1
I0000 00:00:1713088463.330373   80629 nurses_sat.cc:157]   Nurse 1 works shift 2
I0000 00:00:1713088463.330374   80629 nurses_sat.cc:162]   Nurse 2 does not work
I0000 00:00:1713088463.330375   80629 nurses_sat.cc:157]   Nurse 3 works shift 0
I0000 00:00:1713088463.330376   80629 nurses_sat.cc:150] Day 2
I0000 00:00:1713088463.330377   80629 nurses_sat.cc:157]   Nurse 0 works shift 2
I0000 00:00:1713088463.330379   80629 nurses_sat.cc:157]   Nurse 1 works shift 1
I0000 00:00:1713088463.330380   80629 nurses_sat.cc:157]   Nurse 2 works shift 0
I0000 00:00:1713088463.330381   80629 nurses_sat.cc:162]   Nurse 3 does not work
I0000 00:00:1713088463.330393   80629 nurses_sat.cc:148] Solution 3
I0000 00:00:1713088463.330394   80629 nurses_sat.cc:150] Day 0
I0000 00:00:1713088463.330395   80629 nurses_sat.cc:157]   Nurse 0 works shift 0
I0000 00:00:1713088463.330397   80629 nurses_sat.cc:162]   Nurse 1 does not work
I0000 00:00:1713088463.330398   80629 nurses_sat.cc:157]   Nurse 2 works shift 1
I0000 00:00:1713088463.330400   80629 nurses_sat.cc:157]   Nurse 3 works shift 2
I0000 00:00:1713088463.330401   80629 nurses_sat.cc:150] Day 1
I0000 00:00:1713088463.330402   80629 nurses_sat.cc:157]   Nurse 0 works shift 2
I0000 00:00:1713088463.330403   80629 nurses_sat.cc:157]   Nurse 1 works shift 1
I0000 00:00:1713088463.330415   80629 nurses_sat.cc:162]   Nurse 2 does not work
I0000 00:00:1713088463.330416   80629 nurses_sat.cc:157]   Nurse 3 works shift 0
I0000 00:00:1713088463.330418   80629 nurses_sat.cc:150] Day 2
I0000 00:00:1713088463.330419   80629 nurses_sat.cc:157]   Nurse 0 works shift 2
I0000 00:00:1713088463.330420   80629 nurses_sat.cc:157]   Nurse 1 works shift 1
I0000 00:00:1713088463.330421   80629 nurses_sat.cc:157]   Nurse 2 works shift 0
I0000 00:00:1713088463.330423   80629 nurses_sat.cc:162]   Nurse 3 does not work
I0000 00:00:1713088463.330435   80629 nurses_sat.cc:148] Solution 4
I0000 00:00:1713088463.330437   80629 nurses_sat.cc:150] Day 0
I0000 00:00:1713088463.330438   80629 nurses_sat.cc:162]   Nurse 0 does not work
I0000 00:00:1713088463.330439   80629 nurses_sat.cc:157]   Nurse 1 works shift 0
I0000 00:00:1713088463.330441   80629 nurses_sat.cc:157]   Nurse 2 works shift 1
I0000 00:00:1713088463.330442   80629 nurses_sat.cc:157]   Nurse 3 works shift 2
I0000 00:00:1713088463.330443   80629 nurses_sat.cc:150] Day 1
I0000 00:00:1713088463.330444   80629 nurses_sat.cc:157]   Nurse 0 works shift 2
I0000 00:00:1713088463.330445   80629 nurses_sat.cc:157]   Nurse 1 works shift 1
I0000 00:00:1713088463.330447   80629 nurses_sat.cc:162]   Nurse 2 does not work
I0000 00:00:1713088463.330448   80629 nurses_sat.cc:157]   Nurse 3 works shift 0
I0000 00:00:1713088463.330449   80629 nurses_sat.cc:150] Day 2
I0000 00:00:1713088463.330450   80629 nurses_sat.cc:157]   Nurse 0 works shift 2
I0000 00:00:1713088463.330451   80629 nurses_sat.cc:157]   Nurse 1 works shift 1
I0000 00:00:1713088463.330453   80629 nurses_sat.cc:157]   Nurse 2 works shift 0
I0000 00:00:1713088463.330455   80629 nurses_sat.cc:162]   Nurse 3 does not work
I0000 00:00:1713088463.330456   80629 nurses_sat.cc:169] Stop search after 5 solutions.
I0000 00:00:1713088463.330505   80629 nurses_sat.cc:180] Statistics
I0000 00:00:1713088463.330507   80629 nurses_sat.cc:181] CpSolverResponse summary:
status: FEASIBLE
objective: 0
best_bound: 0
integers: 36
booleans: 36
conflicts: 5
branches: 358
propagations: 685
integer_propagations: 1019
restarts: 149
lp_iterations: 0
walltime: 0.002506
usertime: 0.002506
deterministic_time: 0.000254143
gap_integral: 0
solution_fingerprint: 0x1d293e0fcff90608

I0000 00:00:1713088463.330703   80629 nurses_sat.cc:182] solutions found : 5
<end of output>
Test time =   0.30 sec
----------------------------------------------------------
Test Passed.
"test_nurses_sat" end time: Apr 14 16:54 +07
"test_nurses_sat" time elapsed: 00:00:00
----------------------------------------------------------

End testing: Apr 14 16:54 +07
