Start testing: Apr 14 16:54 +07
----------------------------------------------------------
1/1 Testing: test_vrp
1/1 Test: test_vrp
Command: "/Users/theerut/Desktop/CU/Year4/HighPerf/final/or-tools-mac/examples/vrp/build/bin/vrp"
Directory: /Users/theerut/Desktop/CU/Year4/HighPerf/final/or-tools-mac/examples/vrp/build
"test_vrp" start time: Apr 14 16:54 +07
Output:
----------------------------------------------------------
WARNING: All log messages before absl::InitializeLog() is called are written to STDERR
I0000 00:00:1713088458.667379   80048 vrp.cc:78] Objective: 4384
I0000 00:00:1713088458.667474   80048 vrp.cc:82] Route for Vehicle 0:
I0000 00:00:1713088458.667504   80048 vrp.cc:92] 0 -> 0
I0000 00:00:1713088458.667507   80048 vrp.cc:93] Distance of the route: 0m
I0000 00:00:1713088458.667510   80048 vrp.cc:82] Route for Vehicle 1:
I0000 00:00:1713088458.667513   80048 vrp.cc:92] 0 -> 0
I0000 00:00:1713088458.667515   80048 vrp.cc:93] Distance of the route: 0m
I0000 00:00:1713088458.667521   80048 vrp.cc:82] Route for Vehicle 2:
I0000 00:00:1713088458.667524   80048 vrp.cc:92] 0 -> 0
I0000 00:00:1713088458.667535   80048 vrp.cc:93] Distance of the route: 0m
I0000 00:00:1713088458.667537   80048 vrp.cc:82] Route for Vehicle 3:
I0000 00:00:1713088458.667546   80048 vrp.cc:92] 0 -> 9 -> 5 -> 8 -> 6 -> 2 -> 10 -> 16 -> 14 -> 13 -> 12 -> 11 -> 15 -> 3 -> 4 -> 1 -> 7 -> 0
I0000 00:00:1713088458.667549   80048 vrp.cc:93] Distance of the route: 4384m
I0000 00:00:1713088458.667551   80048 vrp.cc:96] Total distance of all routes: 4384m
I0000 00:00:1713088458.667553   80048 vrp.cc:97] 
I0000 00:00:1713088458.667555   80048 vrp.cc:98] Advanced usage:
I0000 00:00:1713088458.667556   80048 vrp.cc:99] Problem solved in 4ms
<end of output>
Test time =   0.43 sec
----------------------------------------------------------
Test Passed.
"test_vrp" end time: Apr 14 16:54 +07
"test_vrp" time elapsed: 00:00:00
----------------------------------------------------------

End testing: Apr 14 16:54 +07
