Start testing: Apr 14 16:54 +07
----------------------------------------------------------
1/1 Testing: test_simple_max_flow_program
1/1 Test: test_simple_max_flow_program
Command: "/Users/theerut/Desktop/CU/Year4/HighPerf/final/or-tools-mac/examples/simple_max_flow_program/build/bin/simple_max_flow_program"
Directory: /Users/theerut/Desktop/CU/Year4/HighPerf/final/or-tools-mac/examples/simple_max_flow_program/build
"test_simple_max_flow_program" start time: Apr 14 16:54 +07
Output:
----------------------------------------------------------
WARNING: All log messages before absl::InitializeLog() is called are written to STDERR
I0000 00:00:1713088442.744365   78001 simple_max_flow_program.cc:62] Solving the max flow problem failed. Solver status: 0
<end of output>
Test time =   0.30 sec
----------------------------------------------------------
Test Passed.
"test_simple_max_flow_program" end time: Apr 14 16:54 +07
"test_simple_max_flow_program" time elapsed: 00:00:00
----------------------------------------------------------

End testing: Apr 14 16:54 +07
