Start testing: Apr 14 16:54 +07
----------------------------------------------------------
1/1 Testing: test_simple_mip_program
1/1 Test: test_simple_mip_program
Command: "/Users/theerut/Desktop/CU/Year4/HighPerf/final/or-tools-mac/examples/simple_mip_program/build/bin/simple_mip_program"
Directory: /Users/theerut/Desktop/CU/Year4/HighPerf/final/or-tools-mac/examples/simple_mip_program/build
"test_simple_mip_program" start time: Apr 14 16:54 +07
Output:
----------------------------------------------------------
WARNING: All log messages before absl::InitializeLog() is called are written to STDERR
I0000 00:00:1713088447.562871   78795 simple_mip_program.cc:39] Number of variables = 2
I0000 00:00:1713088447.562903   78795 simple_mip_program.cc:53] Number of constraints = 2
I0000 00:00:1713088447.563375   78795 simple_mip_program.cc:73] Solution:
I0000 00:00:1713088447.563381   78795 simple_mip_program.cc:74] Objective value = 23
I0000 00:00:1713088447.563385   78795 simple_mip_program.cc:75] x = 3
I0000 00:00:1713088447.563388   78795 simple_mip_program.cc:76] y = 2
I0000 00:00:1713088447.563390   78795 simple_mip_program.cc:80] 
Advanced usage:
I0000 00:00:1713088447.563392   78795 simple_mip_program.cc:81] Problem solved in 2 milliseconds
I0000 00:00:1713088447.563395   78795 simple_mip_program.cc:82] Problem solved in 0 iterations
I0000 00:00:1713088447.563397   78795 simple_mip_program.cc:83] Problem solved in 1 branch-and-bound nodes
<end of output>
Test time =   0.32 sec
----------------------------------------------------------
Test Passed.
"test_simple_mip_program" end time: Apr 14 16:54 +07
"test_simple_mip_program" time elapsed: 00:00:00
----------------------------------------------------------

End testing: Apr 14 16:54 +07
