Start testing: Apr 14 16:54 +07
----------------------------------------------------------
1/1 Testing: test_minimal_jobshop_cp
1/1 Test: test_minimal_jobshop_cp
Command: "/Users/theerut/Desktop/CU/Year4/HighPerf/final/or-tools-mac/examples/minimal_jobshop_cp/build/bin/minimal_jobshop_cp"
Directory: /Users/theerut/Desktop/CU/Year4/HighPerf/final/or-tools-mac/examples/minimal_jobshop_cp/build
"test_minimal_jobshop_cp" start time: Apr 14 16:54 +07
Output:
----------------------------------------------------------
I0414 16:54:25.424687   80903 minimal_jobshop_cp.cc:41] Machines:  0 1 2
I0414 16:54:25.424730   80903 minimal_jobshop_cp.cc:51] Jobs:
I0414 16:54:25.424736   80903 minimal_jobshop_cp.cc:59] Job 0: [(0, 3)(1, 2)(2, 2)]

I0414 16:54:25.424740   80903 minimal_jobshop_cp.cc:59] Job 1: [(0, 2)(2, 1)(1, 4)]

I0414 16:54:25.424743   80903 minimal_jobshop_cp.cc:59] Job 2: [(1, 4)(2, 3)]

I0414 16:54:25.424745   80903 minimal_jobshop_cp.cc:69] Horizon: 21
I0414 16:54:25.425110   80903 search.cc:285] Start search (memory used = 9.83 MB)
I0414 16:54:25.425212   80903 search.cc:285] Root node processed (time = 0 ms, constraints = 39, memory used = 10.06 MB)
I0414 16:54:25.425335   80903 search.cc:285] Solution #0 (objective = 14, time = 0 ms, branches = 6, failures = 0, depth = 6, memory used = 10.11 MB)
I0414 16:54:25.425421   80903 search.cc:285] Solution #1 (objective = 12, objective maximum = 14, time = 0 ms, branches = 8, failures = 4, depth = 4, memory used = 10.12 MB)
I0414 16:54:25.425486   80903 search.cc:285] Solution #2 (objective = 11, objective maximum = 14, time = 0 ms, branches = 10, failures = 6, depth = 3, memory used = 10.12 MB)
I0414 16:54:25.425522   80903 search.cc:285] Finished search tree (time = 0 ms, branches = 10, failures = 9, memory used = 10.12 MB)
I0414 16:54:25.425553   80903 search.cc:285] End search (time = 1 ms, branches = 10, failures = 9, memory used = 10.12 MB, speed = 10000 branches/s)
I0414 16:54:25.425556   80903 minimal_jobshop_cp.cc:159] Optimal Schedule Length: 11
I0414 16:54:25.425560   80903 minimal_jobshop_cp.cc:160] 
I0414 16:54:25.425562   80903 minimal_jobshop_cp.cc:162] Optimal Schedule:
I0414 16:54:25.425565   80903 minimal_jobshop_cp.cc:171] Machine 0: Job_0_0 Job_1_0 
I0414 16:54:25.425598   80903 minimal_jobshop_cp.cc:171] Machine 1: Job_2_0 Job_0_1 Job_1_2 
I0414 16:54:25.425607   80903 minimal_jobshop_cp.cc:171] Machine 2: Job_1_1 Job_0_2 Job_2_1 
I0414 16:54:25.425614   80903 minimal_jobshop_cp.cc:189] Time Intervals for Tasks: 
I0414 16:54:25.425616   80903 minimal_jobshop_cp.cc:191] Machine 0: [( 0, 0),( 3, 3)][( 3, 3),( 5, 5)]
I0414 16:54:25.425617   80903 minimal_jobshop_cp.cc:191] Machine 1: [( 0, 0),( 4, 4)][( 4, 4),( 6, 6)][( 6, 7),(10, 11)]
I0414 16:54:25.425619   80903 minimal_jobshop_cp.cc:191] Machine 2: [( 5, 5),( 6, 6)][( 6, 6),( 8, 8)][( 8, 8),(11, 11)]
I0414 16:54:25.425620   80903 minimal_jobshop_cp.cc:193] Advanced usage:
I0414 16:54:25.425622   80903 minimal_jobshop_cp.cc:194] Time: 1ms
<end of output>
Test time =   0.32 sec
----------------------------------------------------------
Test Passed.
"test_minimal_jobshop_cp" end time: Apr 14 16:54 +07
"test_minimal_jobshop_cp" time elapsed: 00:00:00
----------------------------------------------------------

End testing: Apr 14 16:54 +07
