Start testing: Apr 14 16:54 +07
----------------------------------------------------------
1/1 Testing: test_simple_knapsack_program
1/1 Test: test_simple_knapsack_program
Command: "/Users/theerut/Desktop/CU/Year4/HighPerf/final/or-tools-mac/examples/simple_knapsack_program/build/bin/simple_knapsack_program"
Directory: /Users/theerut/Desktop/CU/Year4/HighPerf/final/or-tools-mac/examples/simple_knapsack_program/build
"test_simple_knapsack_program" start time: Apr 14 16:54 +07
Output:
----------------------------------------------------------
WARNING: All log messages before absl::InitializeLog() is called are written to STDERR
I0000 00:00:1713088441.158781   77724 simple_knapsack_program.cc:71] Total value: 847
I0000 00:00:1713088441.158895   77724 simple_knapsack_program.cc:72] Packed items: {2, 3, 6, 13}
I0000 00:00:1713088441.158898   77724 simple_knapsack_program.cc:73] Total weight: 847
I0000 00:00:1713088441.158901   77724 simple_knapsack_program.cc:74] Packed weights: {194, 130, 230, 293}
<end of output>
Test time =   0.36 sec
----------------------------------------------------------
Test Passed.
"test_simple_knapsack_program" end time: Apr 14 16:54 +07
"test_simple_knapsack_program" time elapsed: 00:00:00
----------------------------------------------------------

End testing: Apr 14 16:54 +07
